Build started 5/18/2013 3:16:27 PM.
     1>Project "C:\Users\PrabaKarthi\Desktop\Media extensions sample\C#,C++\MediaExtensions\Mpeg1Decoder\Mpeg1Decoder.vcxproj" on node 4 (Build target(s)).
     1>Midl:
         C:\Program Files (x86)\Windows Kits\8.0\bin\x86\midl.exe /metadata_dir "C:\Program Files (x86)\Windows Kits\8.0\References\CommonConfiguration\Neutral" /winrt /W1 /nologo /char signed /env win32 /h "MPEG1Decoder.h" /tlb "Debug\MPEG1Decoder.tlb" /enum_class /ns_prefix MPEG1Decoder.idl 
         MIDLRT Processing .\MPEG1Decoder.idl
         MPEG1Decoder.idl
         MIDLRT Processing C:\Program Files (x86)\Windows Kits\8.0\Include\winrt\Windows.Media.idl
         Windows.Media.idl
         MIDLRT Processing C:\Program Files (x86)\Windows Kits\8.0\Include\winrt\inspectable.idl
         inspectable.idl
         MIDLRT Processing C:\Program Files (x86)\Windows Kits\8.0\Include\shared\wtypes.idl
         wtypes.idl
         MIDLRT Processing C:\Program Files (x86)\Windows Kits\8.0\Include\shared\wtypesbase.idl
         wtypesbase.idl
         MIDLRT Processing C:\Program Files (x86)\Windows Kits\8.0\Include\shared\basetsd.h
         basetsd.h
         MIDLRT Processing C:\Program Files (x86)\Windows Kits\8.0\Include\shared\guiddef.h
         guiddef.h
         MIDLRT Processing C:\Program Files (x86)\Windows Kits\8.0\Include\um\unknwn.idl
         unknwn.idl
         MIDLRT Processing C:\Program Files (x86)\Windows Kits\8.0\Include\winrt\hstring.idl
         hstring.idl
         MIDLRT Processing C:\Program Files (x86)\Windows Kits\8.0\Include\winrt\AsyncInfo.idl
         AsyncInfo.idl
         MIDLRT Processing C:\Program Files (x86)\Windows Kits\8.0\Include\winrt\EventToken.idl
         EventToken.idl
         MIDLRT Processing C:\Program Files (x86)\Windows Kits\8.0\Include\winrt\Windows.Foundation.idl
         Windows.Foundation.idl
         MIDLRT Processing C:\Program Files (x86)\Windows Kits\8.0\Include\winrt\IVectorChangedEventArgs.idl
         IVectorChangedEventArgs.idl
         MIDLRT Processing C:\Program Files (x86)\Windows Kits\8.0\Include\um\oaidl.idl
         oaidl.idl
         MIDLRT Processing C:\Program Files (x86)\Windows Kits\8.0\Include\um\objidl.idl
         objidl.idl
         Processing C:\Users\PRABAK~1\AppData\Local\Temp\MPEG1Decoder.idl-71aa24a0
         MPEG1Decoder.idl-71aa24a0
         Processing .\Windows.Media.idl-d99d9b80
         Windows.Media.idl-d99d9b80
         Processing C:\Program Files (x86)\Windows Kits\8.0\Include\winrt\inspectable.idl
         inspectable.idl
         Processing C:\Program Files (x86)\Windows Kits\8.0\Include\shared\wtypes.idl
         wtypes.idl
         Processing C:\Program Files (x86)\Windows Kits\8.0\Include\shared\wtypesbase.idl
         wtypesbase.idl
         Processing C:\Program Files (x86)\Windows Kits\8.0\Include\shared\basetsd.h
         basetsd.h
         Processing C:\Program Files (x86)\Windows Kits\8.0\Include\shared\guiddef.h
         guiddef.h
         Processing C:\Program Files (x86)\Windows Kits\8.0\Include\um\unknwn.idl
         unknwn.idl
         Processing C:\Program Files (x86)\Windows Kits\8.0\Include\winrt\hstring.idl
         hstring.idl
         Processing C:\Program Files (x86)\Windows Kits\8.0\Include\winrt\AsyncInfo.idl
         AsyncInfo.idl
         Processing C:\Program Files (x86)\Windows Kits\8.0\Include\winrt\EventToken.idl
         EventToken.idl
         Processing .\Windows.Foundation.idl-087c4d82
         Windows.Foundation.idl-087c4d82
         Processing .\IVectorChangedEventArgs.idl-e08aac14
         IVectorChangedEventArgs.idl-e08aac14
         Processing C:\Program Files (x86)\Windows Kits\8.0\Include\um\oaidl.idl
         oaidl.idl
         Processing C:\Program Files (x86)\Windows Kits\8.0\Include\um\objidl.idl
         objidl.idl
         Processing C:\Program Files (x86)\Windows Kits\8.0\Include\um\oaidl.acf
         oaidl.acf
       ClCompile:
         C:\Program Files (x86)\Microsoft Visual Studio 11.0\VC\bin\CL.exe /c /I"C:\Users\PrabaKarthi\Desktop\Media extensions sample\C#,C++\MediaExtensions\Mpeg1Decoder\\" /IDebug\ /I"C:\Users\PrabaKarthi\Desktop\Media extensions sample\C#,C++\MediaExtensions\Mpeg1Decoder\\" /I"Generated Files\\" /IDebug\ /I"C:\Users\PrabaKarthi\Desktop\Media extensions sample\C#,C++\MediaExtensions\Mpeg1Decoder\\..\Common" /ZI /nologo /W3 /WX- /sdl /MP /Od /Oy- /D _WINRT_DLL /D _DEBUG /D _WINDOWS /D _WINDLL /D _UNICODE /D UNICODE /D _DEBUG /D WINAPI_FAMILY=WINAPI_FAMILY_APP /Gm- /EHsc /RTC1 /MDd /GS /fp:precise /Zc:wchar_t /Zc:forScope /Fo"Debug\\" /Fd"Debug\vc110.pdb" /Gd /TP /analyze- /errorReport:prompt decoder.cpp Dll.cpp
         decoder.cpp
         Dll.cpp
       Link:
         C:\Program Files (x86)\Microsoft Visual Studio 11.0\VC\bin\link.exe /ERRORREPORT:PROMPT /OUT:"Debug\Mpeg1Decoder\MPEG1Decoder.dll" /INCREMENTAL /NOLOGO runtimeobject.lib kernel32.lib mf.lib mfuuid.lib mfplat.lib /DEF:"decoder.def" /MANIFEST:NO /DEBUG /PDB:"Debug\Mpeg1Decoder\MPEG1Decoder.pdb" /SUBSYSTEM:CONSOLE /TLBID:1 /APPCONTAINER /WINMD /WINMDFILE:"Debug\Mpeg1Decoder\MPEG1Decoder.winmd" /DYNAMICBASE /NXCOMPAT /MACHINE:X86 /DLL Debug\decoder.obj
         Debug\Dll.obj
            Creating library Debug\Mpeg1Decoder\MPEG1Decoder.lib and object Debug\Mpeg1Decoder\MPEG1Decoder.exp
         Mpeg1Decoder.vcxproj -> C:\Users\PrabaKarthi\Desktop\Media extensions sample\C#,C++\MediaExtensions\Mpeg1Decoder\Debug\Mpeg1Decoder\MPEG1Decoder.dll
       CustomBuildStep:
         mdmerge -metadata_dir "C:\Program Files (x86)\Windows Kits\8.0\References\CommonConfiguration\Neutral" -o "C:\Users\PrabaKarthi\Desktop\Media extensions sample\C#,C++\MediaExtensions\Mpeg1Decoder\Debug\MPEG1Decoder" -i "C:\Users\PrabaKarthi\Desktop\Media extensions sample\C#,C++\MediaExtensions\Mpeg1Decoder" -v -partial
         :VCEnd
         Microsoft(R) Metadata Merge Utility Version 8.0.18.
         
         
         Load input metadata file C:\Program Files (x86)\Windows Kits\8.0\References\CommonConfiguration\Neutral\Windows.winmd.
         Processed input metadata file C:\Users\PrabaKarthi\Desktop\Media extensions sample\C#,C++\MediaExtensions\Mpeg1Decoder\MPEG1Decoder.winmd.
         Saved output metadata file MPEG1Decoder.winmd.
         Validating metadata file C:\Users\PrabaKarthi\Desktop\Media extensions sample\C#,C++\MediaExtensions\Mpeg1Decoder\Debug\MPEG1Decoder\MPEG1Decoder.winmd.
       _GenerateProjectPriFileCore:
         C:\Program Files (x86)\Windows Kits\8.0\bin\x86\MakePri.exe New -ProjectRoot "C:\Users\PrabaKarthi\Desktop\Media extensions sample\C#,C++\MediaExtensions\Mpeg1Decoder\\" -ConfigXml Debug\priconfig.xml -OutputFile "C:\Users\PrabaKarthi\Desktop\Media extensions sample\C#,C++\MediaExtensions\Mpeg1Decoder\Debug\Mpeg1Decoder\MPEG1Decoder.pri" -IndexName MPEG1Decoder -Verbose -Overwrite  
     1>Done Building Project "C:\Users\PrabaKarthi\Desktop\Media extensions sample\C#,C++\MediaExtensions\Mpeg1Decoder\Mpeg1Decoder.vcxproj" (Build target(s)).

Build succeeded.

Time Elapsed 00:00:13.58
