C:\USERS\PRABAKARTHI\DOCUMENTS\VISUAL STUDIO 2012\MEDIA EXTENSIONS SAMPLE\C#,C++\MEDIAEXTENSIONS\MPEG1DECODER\RELEASE\DECODER.OBJ
C:\USERS\PRABAKARTHI\DOCUMENTS\VISUAL STUDIO 2012\MEDIA EXTENSIONS SAMPLE\C#,C++\MEDIAEXTENSIONS\MPEG1DECODER\RELEASE\DLL.OBJ
C:\USERS\PRABAKARTHI\DOCUMENTS\VISUAL STUDIO 2012\MEDIA EXTENSIONS SAMPLE\C#,C++\MEDIAEXTENSIONS\MPEG1DECODER\RELEASE\VC110.PDB
C:\USERS\PRABAKARTHI\DOCUMENTS\VISUAL STUDIO 2012\MEDIA EXTENSIONS SAMPLE\C#,C++\MEDIAEXTENSIONS\MPEG1DECODER\RELEASE\MPEG1DECODER\MPEG1DECODER.DLL
C:\USERS\PRABAKARTHI\DOCUMENTS\VISUAL STUDIO 2012\MEDIA EXTENSIONS SAMPLE\C#,C++\MEDIAEXTENSIONS\MPEG1DECODER\RELEASE\MPEG1DECODER\MPEG1DECODER.PDB
C:\USERS\PRABAKARTHI\DOCUMENTS\VISUAL STUDIO 2012\MEDIA EXTENSIONS SAMPLE\C#,C++\MEDIAEXTENSIONS\MPEG1DECODER\MPEG1DECODER.H
C:\USERS\PRABAKARTHI\DOCUMENTS\VISUAL STUDIO 2012\MEDIA EXTENSIONS SAMPLE\C#,C++\MEDIAEXTENSIONS\MPEG1DECODER\MPEG1DECODER.WINMD
C:\Users\PrabaKarthi\Documents\Visual Studio 2012\Media extensions sample\C#,C++\MediaExtensions\Mpeg1Decoder\Release\Mpeg1Decoder\MPEG1Decoder.lib
C:\Users\PrabaKarthi\Documents\Visual Studio 2012\Media extensions sample\C#,C++\MediaExtensions\Mpeg1Decoder\Release\Mpeg1Decoder\MPEG1Decoder.exp
C:\Users\PrabaKarthi\Documents\Visual Studio 2012\Media extensions sample\C#,C++\MediaExtensions\Mpeg1Decoder\Release\MPEG1Decoder\MPEG1Decoder.winmd
C:\Users\PrabaKarthi\Documents\Visual Studio 2012\Media extensions sample\C#,C++\MediaExtensions\Mpeg1Decoder\Release\Mpeg1Decoder\MPEG1Decoder.dll.lastcodeanalysissucceeded
C:\Users\PrabaKarthi\Documents\Visual Studio 2012\Media extensions sample\C#,C++\MediaExtensions\Mpeg1Decoder\Release\NativeCodeAnalysis.read.1.tlog
C:\Users\PrabaKarthi\Documents\Visual Studio 2012\Media extensions sample\C#,C++\MediaExtensions\Mpeg1Decoder\Release\priconfig.xml.intermediate
C:\Users\PrabaKarthi\Documents\Visual Studio 2012\Media extensions sample\C#,C++\MediaExtensions\Mpeg1Decoder\Release\layout.resfiles.intermediate
C:\Users\PrabaKarthi\Documents\Visual Studio 2012\Media extensions sample\C#,C++\MediaExtensions\Mpeg1Decoder\Release\resources.resfiles.intermediate
C:\Users\PrabaKarthi\Documents\Visual Studio 2012\Media extensions sample\C#,C++\MediaExtensions\Mpeg1Decoder\Release\pri.resfiles.intermediate
C:\Users\PrabaKarthi\Documents\Visual Studio 2012\Media extensions sample\C#,C++\MediaExtensions\Mpeg1Decoder\Release\priconfig.xml
C:\Users\PrabaKarthi\Documents\Visual Studio 2012\Media extensions sample\C#,C++\MediaExtensions\Mpeg1Decoder\Release\layout.resfiles
C:\Users\PrabaKarthi\Documents\Visual Studio 2012\Media extensions sample\C#,C++\MediaExtensions\Mpeg1Decoder\Release\resources.resfiles
C:\Users\PrabaKarthi\Documents\Visual Studio 2012\Media extensions sample\C#,C++\MediaExtensions\Mpeg1Decoder\Release\pri.resfiles
C:\Users\PrabaKarthi\Documents\Visual Studio 2012\Media extensions sample\C#,C++\MediaExtensions\Mpeg1Decoder\Release\Mpeg1Decoder\MPEG1Decoder.pri
C:\Users\PrabaKarthi\Documents\Visual Studio 2012\Media extensions sample\C#,C++\MediaExtensions\Mpeg1Decoder\Release\LanguageQualifiers.txt
C:\Users\PrabaKarthi\Documents\Visual Studio 2012\Media extensions sample\C#,C++\MediaExtensions\Mpeg1Decoder\Release\Mpeg1Decoder.vcxprojResolveAssemblyReference.cache
C:\Users\PrabaKarthi\Documents\Visual Studio 2012\Media extensions sample\C#,C++\MediaExtensions\Mpeg1Decoder\Release\decoder.obj
C:\Users\PrabaKarthi\Documents\Visual Studio 2012\Media extensions sample\C#,C++\MediaExtensions\Mpeg1Decoder\Release\Dll.obj
C:\Users\PrabaKarthi\Documents\Visual Studio 2012\Media extensions sample\C#,C++\MediaExtensions\Mpeg1Decoder\Release\CL.11716.read.1.tlog
C:\Users\PrabaKarthi\Documents\Visual Studio 2012\Media extensions sample\C#,C++\MediaExtensions\Mpeg1Decoder\Release\CL.11716.write.1.tlog
C:\Users\PrabaKarthi\Documents\Visual Studio 2012\Media extensions sample\C#,C++\MediaExtensions\Mpeg1Decoder\Release\CL.19152.read.1.tlog
C:\Users\PrabaKarthi\Documents\Visual Studio 2012\Media extensions sample\C#,C++\MediaExtensions\Mpeg1Decoder\Release\CL.19152.write.1.tlog
C:\Users\PrabaKarthi\Documents\Visual Studio 2012\Media extensions sample\C#,C++\MediaExtensions\Mpeg1Decoder\Release\CL.30376.read.1.tlog
C:\Users\PrabaKarthi\Documents\Visual Studio 2012\Media extensions sample\C#,C++\MediaExtensions\Mpeg1Decoder\Release\CL.30376.write.1.tlog
C:\Users\PrabaKarthi\Documents\Visual Studio 2012\Media extensions sample\C#,C++\MediaExtensions\Mpeg1Decoder\Release\CL.39748.read.1.tlog
C:\Users\PrabaKarthi\Documents\Visual Studio 2012\Media extensions sample\C#,C++\MediaExtensions\Mpeg1Decoder\Release\CL.39748.write.1.tlog
C:\Users\PrabaKarthi\Documents\Visual Studio 2012\Media extensions sample\C#,C++\MediaExtensions\Mpeg1Decoder\Release\cl.command.1.tlog
C:\Users\PrabaKarthi\Documents\Visual Studio 2012\Media extensions sample\C#,C++\MediaExtensions\Mpeg1Decoder\Release\CL.read.1.tlog
C:\Users\PrabaKarthi\Documents\Visual Studio 2012\Media extensions sample\C#,C++\MediaExtensions\Mpeg1Decoder\Release\CL.read.3.tlog
C:\Users\PrabaKarthi\Documents\Visual Studio 2012\Media extensions sample\C#,C++\MediaExtensions\Mpeg1Decoder\Release\CL.write.1.tlog
C:\Users\PrabaKarthi\Documents\Visual Studio 2012\Media extensions sample\C#,C++\MediaExtensions\Mpeg1Decoder\Release\link.command.1.tlog
C:\Users\PrabaKarthi\Documents\Visual Studio 2012\Media extensions sample\C#,C++\MediaExtensions\Mpeg1Decoder\Release\link.read.1.tlog
C:\Users\PrabaKarthi\Documents\Visual Studio 2012\Media extensions sample\C#,C++\MediaExtensions\Mpeg1Decoder\Release\link.write.1.tlog
C:\Users\PrabaKarthi\Documents\Visual Studio 2012\Media extensions sample\C#,C++\MediaExtensions\Mpeg1Decoder\Release\midl-MIDLRT-cl.read.1.tlog
C:\Users\PrabaKarthi\Documents\Visual Studio 2012\Media extensions sample\C#,C++\MediaExtensions\Mpeg1Decoder\Release\midl-MIDLRT-cl.write.1.tlog
C:\Users\PrabaKarthi\Documents\Visual Studio 2012\Media extensions sample\C#,C++\MediaExtensions\Mpeg1Decoder\Release\midl-MIDLRT-midl-midlc-cl.read.1.tlog
C:\Users\PrabaKarthi\Documents\Visual Studio 2012\Media extensions sample\C#,C++\MediaExtensions\Mpeg1Decoder\Release\midl-MIDLRT-midl-midlc-cl.write.1.tlog
C:\Users\PrabaKarthi\Documents\Visual Studio 2012\Media extensions sample\C#,C++\MediaExtensions\Mpeg1Decoder\Release\midl-MIDLRT-midl-midlc.read.1.tlog
C:\Users\PrabaKarthi\Documents\Visual Studio 2012\Media extensions sample\C#,C++\MediaExtensions\Mpeg1Decoder\Release\midl-MIDLRT-midl-midlc.write.1.tlog
C:\Users\PrabaKarthi\Documents\Visual Studio 2012\Media extensions sample\C#,C++\MediaExtensions\Mpeg1Decoder\Release\midl-MIDLRT-midl.read.1.tlog
C:\Users\PrabaKarthi\Documents\Visual Studio 2012\Media extensions sample\C#,C++\MediaExtensions\Mpeg1Decoder\Release\midl-MIDLRT-midl.write.1.tlog
C:\Users\PrabaKarthi\Documents\Visual Studio 2012\Media extensions sample\C#,C++\MediaExtensions\Mpeg1Decoder\Release\midl-MIDLRT.read.1.tlog
C:\Users\PrabaKarthi\Documents\Visual Studio 2012\Media extensions sample\C#,C++\MediaExtensions\Mpeg1Decoder\Release\midl-MIDLRT.write.1.tlog
C:\Users\PrabaKarthi\Documents\Visual Studio 2012\Media extensions sample\C#,C++\MediaExtensions\Mpeg1Decoder\Release\midl.command.1.tlog
C:\Users\PrabaKarthi\Documents\Visual Studio 2012\Media extensions sample\C#,C++\MediaExtensions\Mpeg1Decoder\Release\midl.read.1.tlog
C:\Users\PrabaKarthi\Documents\Visual Studio 2012\Media extensions sample\C#,C++\MediaExtensions\Mpeg1Decoder\Release\midl.write.1.tlog
C:\Users\PrabaKarthi\Documents\Visual Studio 2012\Media extensions sample\C#,C++\MediaExtensions\Mpeg1Decoder\Release\MPEG1Decoder.read.1.tlog
C:\Users\PrabaKarthi\Documents\Visual Studio 2012\Media extensions sample\C#,C++\MediaExtensions\Mpeg1Decoder\Release\MPEG1Decoder.write.1.tlog
C:\Users\PrabaKarthi\Documents\Visual Studio 2012\Media extensions sample\C#,C++\MediaExtensions\Mpeg1Decoder\Release\vc110.pdb
C:\Users\PrabaKarthi\Documents\Visual Studio 2012\Media extensions sample\C#,C++\MediaExtensions\Mpeg1Decoder\Release\decoder.cpp.nativecodeanalysis.xml
C:\Users\PrabaKarthi\Documents\Visual Studio 2012\Media extensions sample\C#,C++\MediaExtensions\Mpeg1Decoder\Release\Dll.cpp.nativecodeanalysis.xml
C:\Users\PrabaKarthi\Documents\Visual Studio 2012\Media extensions sample\C#,C++\MediaExtensions\Mpeg1Decoder\Release\vc.nativecodeanalysis.all.xml
C:\Users\PrabaKarthi\Documents\Visual Studio 2012\Media extensions sample\C#,C++\MediaExtensions\Mpeg1Decoder\Release\Mpeg1Decoder\MPEG1Decoder.dll
