C:\USERS\PRABAKARTHI\DOCUMENTS\VISUAL STUDIO 2012\MEDIA EXTENSIONS SAMPLE\C#,C++\MEDIAEXTENSIONS\GEOMETRICSOURCE\RELEASE\STDAFX.PCH
C:\USERS\PRABAKARTHI\DOCUMENTS\VISUAL STUDIO 2012\MEDIA EXTENSIONS SAMPLE\C#,C++\MEDIAEXTENSIONS\GEOMETRICSOURCE\RELEASE\PCH.OBJ
C:\USERS\PRABAKARTHI\DOCUMENTS\VISUAL STUDIO 2012\MEDIA EXTENSIONS SAMPLE\C#,C++\MEDIAEXTENSIONS\GEOMETRICSOURCE\RELEASE\VC110.PDB
C:\USERS\PRABAKARTHI\DOCUMENTS\VISUAL STUDIO 2012\MEDIA EXTENSIONS SAMPLE\C#,C++\MEDIAEXTENSIONS\GEOMETRICSOURCE\RELEASE\GEOMETRICSCHEMEHANDLER.OBJ
C:\USERS\PRABAKARTHI\DOCUMENTS\VISUAL STUDIO 2012\MEDIA EXTENSIONS SAMPLE\C#,C++\MEDIAEXTENSIONS\GEOMETRICSOURCE\RELEASE\GEOMETRICMEDIASOURCE.OBJ
C:\USERS\PRABAKARTHI\DOCUMENTS\VISUAL STUDIO 2012\MEDIA EXTENSIONS SAMPLE\C#,C++\MEDIAEXTENSIONS\GEOMETRICSOURCE\RELEASE\GEOMETRICMEDIASTREAM.OBJ
C:\USERS\PRABAKARTHI\DOCUMENTS\VISUAL STUDIO 2012\MEDIA EXTENSIONS SAMPLE\C#,C++\MEDIAEXTENSIONS\GEOMETRICSOURCE\RELEASE\DLLMAIN.OBJ
C:\Users\PrabaKarthi\Documents\Visual Studio 2012\Media extensions sample\C#,C++\MediaExtensions\GeometricSource\Release\GeometricSource\GeometricSource.lib
C:\Users\PrabaKarthi\Documents\Visual Studio 2012\Media extensions sample\C#,C++\MediaExtensions\GeometricSource\Release\GeometricSource\GeometricSource.exp
C:\Users\PrabaKarthi\Documents\Visual Studio 2012\Media extensions sample\C#,C++\MediaExtensions\GeometricSource\Release\GeometricSource\GeometricSource.winmd
C:\Users\PrabaKarthi\Documents\Visual Studio 2012\Media extensions sample\C#,C++\MediaExtensions\GeometricSource\Release\GeometricSource.vcxprojResolveAssemblyReference.cache
C:\Users\PrabaKarthi\Documents\Visual Studio 2012\Media extensions sample\C#,C++\MediaExtensions\GeometricSource\Release\GeometricSource\GeometricSource.dll.lastcodeanalysissucceeded
C:\Users\PrabaKarthi\Documents\Visual Studio 2012\Media extensions sample\C#,C++\MediaExtensions\GeometricSource\Release\NativeCodeAnalysis.read.1.tlog
C:\Users\PrabaKarthi\Documents\Visual Studio 2012\Media extensions sample\C#,C++\MediaExtensions\GeometricSource\Release\priconfig.xml.intermediate
C:\Users\PrabaKarthi\Documents\Visual Studio 2012\Media extensions sample\C#,C++\MediaExtensions\GeometricSource\Release\layout.resfiles.intermediate
C:\Users\PrabaKarthi\Documents\Visual Studio 2012\Media extensions sample\C#,C++\MediaExtensions\GeometricSource\Release\resources.resfiles.intermediate
C:\Users\PrabaKarthi\Documents\Visual Studio 2012\Media extensions sample\C#,C++\MediaExtensions\GeometricSource\Release\pri.resfiles.intermediate
C:\Users\PrabaKarthi\Documents\Visual Studio 2012\Media extensions sample\C#,C++\MediaExtensions\GeometricSource\Release\priconfig.xml
C:\Users\PrabaKarthi\Documents\Visual Studio 2012\Media extensions sample\C#,C++\MediaExtensions\GeometricSource\Release\layout.resfiles
C:\Users\PrabaKarthi\Documents\Visual Studio 2012\Media extensions sample\C#,C++\MediaExtensions\GeometricSource\Release\resources.resfiles
C:\Users\PrabaKarthi\Documents\Visual Studio 2012\Media extensions sample\C#,C++\MediaExtensions\GeometricSource\Release\pri.resfiles
C:\Users\PrabaKarthi\Documents\Visual Studio 2012\Media extensions sample\C#,C++\MediaExtensions\GeometricSource\Release\GeometricSource\GeometricSource.pri
C:\Users\PrabaKarthi\Documents\Visual Studio 2012\Media extensions sample\C#,C++\MediaExtensions\GeometricSource\Release\LanguageQualifiers.txt
C:\USERS\PRABAKARTHI\DOCUMENTS\VISUAL STUDIO 2012\MEDIA EXTENSIONS SAMPLE\C#,C++\MEDIAEXTENSIONS\GEOMETRICSOURCE\RELEASE\GEOMETRICSOURCE\GEOMETRICSOURCE.DLL
C:\USERS\PRABAKARTHI\DOCUMENTS\VISUAL STUDIO 2012\MEDIA EXTENSIONS SAMPLE\C#,C++\MEDIAEXTENSIONS\GEOMETRICSOURCE\RELEASE\GEOMETRICSOURCE\GEOMETRICSOURCE.PDB
C:\USERS\PRABAKARTHI\DOCUMENTS\VISUAL STUDIO 2012\MEDIA EXTENSIONS SAMPLE\C#,C++\MEDIAEXTENSIONS\GEOMETRICSOURCE\GEOMETRICSOURCE.H
C:\USERS\PRABAKARTHI\DOCUMENTS\VISUAL STUDIO 2012\MEDIA EXTENSIONS SAMPLE\C#,C++\MEDIAEXTENSIONS\GEOMETRICSOURCE\GEOMETRICSOURCE.WINMD
C:\Users\PrabaKarthi\Documents\Visual Studio 2012\Media extensions sample\C#,C++\MediaExtensions\GeometricSource\Release\dllmain.obj
C:\Users\PrabaKarthi\Documents\Visual Studio 2012\Media extensions sample\C#,C++\MediaExtensions\GeometricSource\Release\GeometricMediaSource.obj
C:\Users\PrabaKarthi\Documents\Visual Studio 2012\Media extensions sample\C#,C++\MediaExtensions\GeometricSource\Release\GeometricMediaStream.obj
C:\Users\PrabaKarthi\Documents\Visual Studio 2012\Media extensions sample\C#,C++\MediaExtensions\GeometricSource\Release\GeometricSchemeHandler.obj
C:\Users\PrabaKarthi\Documents\Visual Studio 2012\Media extensions sample\C#,C++\MediaExtensions\GeometricSource\Release\pch.obj
C:\Users\PrabaKarthi\Documents\Visual Studio 2012\Media extensions sample\C#,C++\MediaExtensions\GeometricSource\Release\CL.17668.read.1.tlog
C:\Users\PrabaKarthi\Documents\Visual Studio 2012\Media extensions sample\C#,C++\MediaExtensions\GeometricSource\Release\CL.17668.write.1.tlog
C:\Users\PrabaKarthi\Documents\Visual Studio 2012\Media extensions sample\C#,C++\MediaExtensions\GeometricSource\Release\CL.29452.read.1.tlog
C:\Users\PrabaKarthi\Documents\Visual Studio 2012\Media extensions sample\C#,C++\MediaExtensions\GeometricSource\Release\CL.29452.write.1.tlog
C:\Users\PrabaKarthi\Documents\Visual Studio 2012\Media extensions sample\C#,C++\MediaExtensions\GeometricSource\Release\CL.35952.read.1.tlog
C:\Users\PrabaKarthi\Documents\Visual Studio 2012\Media extensions sample\C#,C++\MediaExtensions\GeometricSource\Release\CL.35952.write.1.tlog
C:\Users\PrabaKarthi\Documents\Visual Studio 2012\Media extensions sample\C#,C++\MediaExtensions\GeometricSource\Release\CL.40516.read.1.tlog
C:\Users\PrabaKarthi\Documents\Visual Studio 2012\Media extensions sample\C#,C++\MediaExtensions\GeometricSource\Release\CL.40516.write.1.tlog
C:\Users\PrabaKarthi\Documents\Visual Studio 2012\Media extensions sample\C#,C++\MediaExtensions\GeometricSource\Release\CL.8004.read.1.tlog
C:\Users\PrabaKarthi\Documents\Visual Studio 2012\Media extensions sample\C#,C++\MediaExtensions\GeometricSource\Release\CL.8004.write.1.tlog
C:\Users\PrabaKarthi\Documents\Visual Studio 2012\Media extensions sample\C#,C++\MediaExtensions\GeometricSource\Release\CL.9968.read.1.tlog
C:\Users\PrabaKarthi\Documents\Visual Studio 2012\Media extensions sample\C#,C++\MediaExtensions\GeometricSource\Release\CL.9968.write.1.tlog
C:\Users\PrabaKarthi\Documents\Visual Studio 2012\Media extensions sample\C#,C++\MediaExtensions\GeometricSource\Release\cl.command.1.tlog
C:\Users\PrabaKarthi\Documents\Visual Studio 2012\Media extensions sample\C#,C++\MediaExtensions\GeometricSource\Release\CL.read.1.tlog
C:\Users\PrabaKarthi\Documents\Visual Studio 2012\Media extensions sample\C#,C++\MediaExtensions\GeometricSource\Release\CL.read.3.tlog
C:\Users\PrabaKarthi\Documents\Visual Studio 2012\Media extensions sample\C#,C++\MediaExtensions\GeometricSource\Release\CL.write.1.tlog
C:\Users\PrabaKarthi\Documents\Visual Studio 2012\Media extensions sample\C#,C++\MediaExtensions\GeometricSource\Release\GeometricSource.read.1.tlog
C:\Users\PrabaKarthi\Documents\Visual Studio 2012\Media extensions sample\C#,C++\MediaExtensions\GeometricSource\Release\GeometricSource.write.1.tlog
C:\Users\PrabaKarthi\Documents\Visual Studio 2012\Media extensions sample\C#,C++\MediaExtensions\GeometricSource\Release\link.command.1.tlog
C:\Users\PrabaKarthi\Documents\Visual Studio 2012\Media extensions sample\C#,C++\MediaExtensions\GeometricSource\Release\link.read.1.tlog
C:\Users\PrabaKarthi\Documents\Visual Studio 2012\Media extensions sample\C#,C++\MediaExtensions\GeometricSource\Release\link.write.1.tlog
C:\Users\PrabaKarthi\Documents\Visual Studio 2012\Media extensions sample\C#,C++\MediaExtensions\GeometricSource\Release\midl-MIDLRT-cl.read.1.tlog
C:\Users\PrabaKarthi\Documents\Visual Studio 2012\Media extensions sample\C#,C++\MediaExtensions\GeometricSource\Release\midl-MIDLRT-cl.write.1.tlog
C:\Users\PrabaKarthi\Documents\Visual Studio 2012\Media extensions sample\C#,C++\MediaExtensions\GeometricSource\Release\midl-MIDLRT-midl-midlc-cl.read.1.tlog
C:\Users\PrabaKarthi\Documents\Visual Studio 2012\Media extensions sample\C#,C++\MediaExtensions\GeometricSource\Release\midl-MIDLRT-midl-midlc-cl.write.1.tlog
C:\Users\PrabaKarthi\Documents\Visual Studio 2012\Media extensions sample\C#,C++\MediaExtensions\GeometricSource\Release\midl-MIDLRT-midl-midlc.read.1.tlog
C:\Users\PrabaKarthi\Documents\Visual Studio 2012\Media extensions sample\C#,C++\MediaExtensions\GeometricSource\Release\midl-MIDLRT-midl-midlc.write.1.tlog
C:\Users\PrabaKarthi\Documents\Visual Studio 2012\Media extensions sample\C#,C++\MediaExtensions\GeometricSource\Release\midl-MIDLRT-midl.read.1.tlog
C:\Users\PrabaKarthi\Documents\Visual Studio 2012\Media extensions sample\C#,C++\MediaExtensions\GeometricSource\Release\midl-MIDLRT-midl.write.1.tlog
C:\Users\PrabaKarthi\Documents\Visual Studio 2012\Media extensions sample\C#,C++\MediaExtensions\GeometricSource\Release\midl-MIDLRT.read.1.tlog
C:\Users\PrabaKarthi\Documents\Visual Studio 2012\Media extensions sample\C#,C++\MediaExtensions\GeometricSource\Release\midl-MIDLRT.write.1.tlog
C:\Users\PrabaKarthi\Documents\Visual Studio 2012\Media extensions sample\C#,C++\MediaExtensions\GeometricSource\Release\midl.command.1.tlog
C:\Users\PrabaKarthi\Documents\Visual Studio 2012\Media extensions sample\C#,C++\MediaExtensions\GeometricSource\Release\midl.read.1.tlog
C:\Users\PrabaKarthi\Documents\Visual Studio 2012\Media extensions sample\C#,C++\MediaExtensions\GeometricSource\Release\midl.write.1.tlog
C:\Users\PrabaKarthi\Documents\Visual Studio 2012\Media extensions sample\C#,C++\MediaExtensions\GeometricSource\Release\StdAfx.pch
C:\Users\PrabaKarthi\Documents\Visual Studio 2012\Media extensions sample\C#,C++\MediaExtensions\GeometricSource\Release\vc110.pdb
C:\Users\PrabaKarthi\Documents\Visual Studio 2012\Media extensions sample\C#,C++\MediaExtensions\GeometricSource\Release\dllmain.cpp.nativecodeanalysis.xml
C:\Users\PrabaKarthi\Documents\Visual Studio 2012\Media extensions sample\C#,C++\MediaExtensions\GeometricSource\Release\GeometricMediaSource.cpp.nativecodeanalysis.xml
C:\Users\PrabaKarthi\Documents\Visual Studio 2012\Media extensions sample\C#,C++\MediaExtensions\GeometricSource\Release\GeometricMediaStream.cpp.nativecodeanalysis.xml
C:\Users\PrabaKarthi\Documents\Visual Studio 2012\Media extensions sample\C#,C++\MediaExtensions\GeometricSource\Release\GeometricSchemeHandler.cpp.nativecodeanalysis.xml
C:\Users\PrabaKarthi\Documents\Visual Studio 2012\Media extensions sample\C#,C++\MediaExtensions\GeometricSource\Release\pch.cpp.nativecodeanalysis.xml
C:\Users\PrabaKarthi\Documents\Visual Studio 2012\Media extensions sample\C#,C++\MediaExtensions\GeometricSource\Release\vc.nativecodeanalysis.all.xml
C:\Users\PrabaKarthi\Documents\Visual Studio 2012\Media extensions sample\C#,C++\MediaExtensions\GeometricSource\Release\GeometricSource\GeometricSource.dll
