C:\USERS\PRABAKARTHI\DOCUMENTS\VISUAL STUDIO 2012\MEDIA EXTENSIONS SAMPLE\C#,C++\MEDIAEXTENSIONS\MPEG1SOURCE\RELEASE\MPEG1BYTESTREAMHANDLER.OBJ
C:\USERS\PRABAKARTHI\DOCUMENTS\VISUAL STUDIO 2012\MEDIA EXTENSIONS SAMPLE\C#,C++\MEDIAEXTENSIONS\MPEG1SOURCE\RELEASE\MPEG1STREAM.OBJ
C:\USERS\PRABAKARTHI\DOCUMENTS\VISUAL STUDIO 2012\MEDIA EXTENSIONS SAMPLE\C#,C++\MEDIAEXTENSIONS\MPEG1SOURCE\RELEASE\PARSE.OBJ
C:\USERS\PRABAKARTHI\DOCUMENTS\VISUAL STUDIO 2012\MEDIA EXTENSIONS SAMPLE\C#,C++\MEDIAEXTENSIONS\MPEG1SOURCE\RELEASE\DLLMAIN.OBJ
C:\USERS\PRABAKARTHI\DOCUMENTS\VISUAL STUDIO 2012\MEDIA EXTENSIONS SAMPLE\C#,C++\MEDIAEXTENSIONS\MPEG1SOURCE\RELEASE\MPEG1SRC.OBJ
C:\USERS\PRABAKARTHI\DOCUMENTS\VISUAL STUDIO 2012\MEDIA EXTENSIONS SAMPLE\C#,C++\MEDIAEXTENSIONS\MPEG1SOURCE\RELEASE\VC110.PDB
C:\USERS\PRABAKARTHI\DOCUMENTS\VISUAL STUDIO 2012\MEDIA EXTENSIONS SAMPLE\C#,C++\MEDIAEXTENSIONS\MPEG1SOURCE\RELEASE\MPEG1SOURCE\MPEG1SOURCE.DLL
C:\USERS\PRABAKARTHI\DOCUMENTS\VISUAL STUDIO 2012\MEDIA EXTENSIONS SAMPLE\C#,C++\MEDIAEXTENSIONS\MPEG1SOURCE\RELEASE\MPEG1SOURCE\MPEG1SOURCE.PDB
C:\USERS\PRABAKARTHI\DOCUMENTS\VISUAL STUDIO 2012\MEDIA EXTENSIONS SAMPLE\C#,C++\MEDIAEXTENSIONS\MPEG1SOURCE\MPEG1SOURCE.H
C:\USERS\PRABAKARTHI\DOCUMENTS\VISUAL STUDIO 2012\MEDIA EXTENSIONS SAMPLE\C#,C++\MEDIAEXTENSIONS\MPEG1SOURCE\MPEG1SOURCE.WINMD
C:\Users\PrabaKarthi\Documents\Visual Studio 2012\Media extensions sample\C#,C++\MediaExtensions\Mpeg1Source\Release\MPEG1Source\MPEG1Source.lib
C:\Users\PrabaKarthi\Documents\Visual Studio 2012\Media extensions sample\C#,C++\MediaExtensions\Mpeg1Source\Release\MPEG1Source\MPEG1Source.exp
C:\Users\PrabaKarthi\Documents\Visual Studio 2012\Media extensions sample\C#,C++\MediaExtensions\Mpeg1Source\Release\MPEG1Source\MPEG1Source.winmd
C:\Users\PrabaKarthi\Documents\Visual Studio 2012\Media extensions sample\C#,C++\MediaExtensions\Mpeg1Source\Release\MPEG1Source\MPEG1Source.dll.lastcodeanalysissucceeded
C:\Users\PrabaKarthi\Documents\Visual Studio 2012\Media extensions sample\C#,C++\MediaExtensions\Mpeg1Source\Release\NativeCodeAnalysis.read.1.tlog
C:\Users\PrabaKarthi\Documents\Visual Studio 2012\Media extensions sample\C#,C++\MediaExtensions\Mpeg1Source\Release\priconfig.xml.intermediate
C:\Users\PrabaKarthi\Documents\Visual Studio 2012\Media extensions sample\C#,C++\MediaExtensions\Mpeg1Source\Release\layout.resfiles.intermediate
C:\Users\PrabaKarthi\Documents\Visual Studio 2012\Media extensions sample\C#,C++\MediaExtensions\Mpeg1Source\Release\resources.resfiles.intermediate
C:\Users\PrabaKarthi\Documents\Visual Studio 2012\Media extensions sample\C#,C++\MediaExtensions\Mpeg1Source\Release\pri.resfiles.intermediate
C:\Users\PrabaKarthi\Documents\Visual Studio 2012\Media extensions sample\C#,C++\MediaExtensions\Mpeg1Source\Release\priconfig.xml
C:\Users\PrabaKarthi\Documents\Visual Studio 2012\Media extensions sample\C#,C++\MediaExtensions\Mpeg1Source\Release\layout.resfiles
C:\Users\PrabaKarthi\Documents\Visual Studio 2012\Media extensions sample\C#,C++\MediaExtensions\Mpeg1Source\Release\resources.resfiles
C:\Users\PrabaKarthi\Documents\Visual Studio 2012\Media extensions sample\C#,C++\MediaExtensions\Mpeg1Source\Release\pri.resfiles
C:\Users\PrabaKarthi\Documents\Visual Studio 2012\Media extensions sample\C#,C++\MediaExtensions\Mpeg1Source\Release\MPEG1Source\MPEG1Source.pri
C:\Users\PrabaKarthi\Documents\Visual Studio 2012\Media extensions sample\C#,C++\MediaExtensions\Mpeg1Source\Release\LanguageQualifiers.txt
C:\Users\PrabaKarthi\Documents\Visual Studio 2012\Media extensions sample\C#,C++\MediaExtensions\Mpeg1Source\Release\dllmain.obj
C:\Users\PrabaKarthi\Documents\Visual Studio 2012\Media extensions sample\C#,C++\MediaExtensions\Mpeg1Source\Release\MPEG1ByteStreamHandler.obj
C:\Users\PrabaKarthi\Documents\Visual Studio 2012\Media extensions sample\C#,C++\MediaExtensions\Mpeg1Source\Release\MPEG1Src.obj
C:\Users\PrabaKarthi\Documents\Visual Studio 2012\Media extensions sample\C#,C++\MediaExtensions\Mpeg1Source\Release\MPEG1Stream.obj
C:\Users\PrabaKarthi\Documents\Visual Studio 2012\Media extensions sample\C#,C++\MediaExtensions\Mpeg1Source\Release\Parse.obj
C:\Users\PrabaKarthi\Documents\Visual Studio 2012\Media extensions sample\C#,C++\MediaExtensions\Mpeg1Source\Release\CL.12612.read.1.tlog
C:\Users\PrabaKarthi\Documents\Visual Studio 2012\Media extensions sample\C#,C++\MediaExtensions\Mpeg1Source\Release\CL.12612.write.1.tlog
C:\Users\PrabaKarthi\Documents\Visual Studio 2012\Media extensions sample\C#,C++\MediaExtensions\Mpeg1Source\Release\CL.30240.read.1.tlog
C:\Users\PrabaKarthi\Documents\Visual Studio 2012\Media extensions sample\C#,C++\MediaExtensions\Mpeg1Source\Release\CL.30240.write.1.tlog
C:\Users\PrabaKarthi\Documents\Visual Studio 2012\Media extensions sample\C#,C++\MediaExtensions\Mpeg1Source\Release\CL.32484.read.1.tlog
C:\Users\PrabaKarthi\Documents\Visual Studio 2012\Media extensions sample\C#,C++\MediaExtensions\Mpeg1Source\Release\CL.32484.write.1.tlog
C:\Users\PrabaKarthi\Documents\Visual Studio 2012\Media extensions sample\C#,C++\MediaExtensions\Mpeg1Source\Release\CL.41736.read.1.tlog
C:\Users\PrabaKarthi\Documents\Visual Studio 2012\Media extensions sample\C#,C++\MediaExtensions\Mpeg1Source\Release\CL.41736.write.1.tlog
C:\Users\PrabaKarthi\Documents\Visual Studio 2012\Media extensions sample\C#,C++\MediaExtensions\Mpeg1Source\Release\CL.5420.read.1.tlog
C:\Users\PrabaKarthi\Documents\Visual Studio 2012\Media extensions sample\C#,C++\MediaExtensions\Mpeg1Source\Release\CL.5420.write.1.tlog
C:\Users\PrabaKarthi\Documents\Visual Studio 2012\Media extensions sample\C#,C++\MediaExtensions\Mpeg1Source\Release\CL.5740.read.1.tlog
C:\Users\PrabaKarthi\Documents\Visual Studio 2012\Media extensions sample\C#,C++\MediaExtensions\Mpeg1Source\Release\CL.5740.write.1.tlog
C:\Users\PrabaKarthi\Documents\Visual Studio 2012\Media extensions sample\C#,C++\MediaExtensions\Mpeg1Source\Release\cl.command.1.tlog
C:\Users\PrabaKarthi\Documents\Visual Studio 2012\Media extensions sample\C#,C++\MediaExtensions\Mpeg1Source\Release\CL.read.1.tlog
C:\Users\PrabaKarthi\Documents\Visual Studio 2012\Media extensions sample\C#,C++\MediaExtensions\Mpeg1Source\Release\CL.read.3.tlog
C:\Users\PrabaKarthi\Documents\Visual Studio 2012\Media extensions sample\C#,C++\MediaExtensions\Mpeg1Source\Release\CL.write.1.tlog
C:\Users\PrabaKarthi\Documents\Visual Studio 2012\Media extensions sample\C#,C++\MediaExtensions\Mpeg1Source\Release\link.command.1.tlog
C:\Users\PrabaKarthi\Documents\Visual Studio 2012\Media extensions sample\C#,C++\MediaExtensions\Mpeg1Source\Release\link.read.1.tlog
C:\Users\PrabaKarthi\Documents\Visual Studio 2012\Media extensions sample\C#,C++\MediaExtensions\Mpeg1Source\Release\link.write.1.tlog
C:\Users\PrabaKarthi\Documents\Visual Studio 2012\Media extensions sample\C#,C++\MediaExtensions\Mpeg1Source\Release\midl-MIDLRT-cl.read.1.tlog
C:\Users\PrabaKarthi\Documents\Visual Studio 2012\Media extensions sample\C#,C++\MediaExtensions\Mpeg1Source\Release\midl-MIDLRT-cl.write.1.tlog
C:\Users\PrabaKarthi\Documents\Visual Studio 2012\Media extensions sample\C#,C++\MediaExtensions\Mpeg1Source\Release\midl-MIDLRT-midl-midlc-cl.read.1.tlog
C:\Users\PrabaKarthi\Documents\Visual Studio 2012\Media extensions sample\C#,C++\MediaExtensions\Mpeg1Source\Release\midl-MIDLRT-midl-midlc-cl.write.1.tlog
C:\Users\PrabaKarthi\Documents\Visual Studio 2012\Media extensions sample\C#,C++\MediaExtensions\Mpeg1Source\Release\midl-MIDLRT-midl-midlc.read.1.tlog
C:\Users\PrabaKarthi\Documents\Visual Studio 2012\Media extensions sample\C#,C++\MediaExtensions\Mpeg1Source\Release\midl-MIDLRT-midl-midlc.write.1.tlog
C:\Users\PrabaKarthi\Documents\Visual Studio 2012\Media extensions sample\C#,C++\MediaExtensions\Mpeg1Source\Release\midl-MIDLRT-midl.read.1.tlog
C:\Users\PrabaKarthi\Documents\Visual Studio 2012\Media extensions sample\C#,C++\MediaExtensions\Mpeg1Source\Release\midl-MIDLRT-midl.write.1.tlog
C:\Users\PrabaKarthi\Documents\Visual Studio 2012\Media extensions sample\C#,C++\MediaExtensions\Mpeg1Source\Release\midl-MIDLRT.read.1.tlog
C:\Users\PrabaKarthi\Documents\Visual Studio 2012\Media extensions sample\C#,C++\MediaExtensions\Mpeg1Source\Release\midl-MIDLRT.write.1.tlog
C:\Users\PrabaKarthi\Documents\Visual Studio 2012\Media extensions sample\C#,C++\MediaExtensions\Mpeg1Source\Release\midl.command.1.tlog
C:\Users\PrabaKarthi\Documents\Visual Studio 2012\Media extensions sample\C#,C++\MediaExtensions\Mpeg1Source\Release\midl.read.1.tlog
C:\Users\PrabaKarthi\Documents\Visual Studio 2012\Media extensions sample\C#,C++\MediaExtensions\Mpeg1Source\Release\midl.write.1.tlog
C:\Users\PrabaKarthi\Documents\Visual Studio 2012\Media extensions sample\C#,C++\MediaExtensions\Mpeg1Source\Release\MPEG1Source.read.1.tlog
C:\Users\PrabaKarthi\Documents\Visual Studio 2012\Media extensions sample\C#,C++\MediaExtensions\Mpeg1Source\Release\MPEG1Source.write.1.tlog
C:\Users\PrabaKarthi\Documents\Visual Studio 2012\Media extensions sample\C#,C++\MediaExtensions\Mpeg1Source\Release\vc110.pdb
C:\Users\PrabaKarthi\Documents\Visual Studio 2012\Media extensions sample\C#,C++\MediaExtensions\Mpeg1Source\Release\dllmain.cpp.nativecodeanalysis.xml
C:\Users\PrabaKarthi\Documents\Visual Studio 2012\Media extensions sample\C#,C++\MediaExtensions\Mpeg1Source\Release\MPEG1ByteStreamHandler.cpp.nativecodeanalysis.xml
C:\Users\PrabaKarthi\Documents\Visual Studio 2012\Media extensions sample\C#,C++\MediaExtensions\Mpeg1Source\Release\MPEG1Src.cpp.nativecodeanalysis.xml
C:\Users\PrabaKarthi\Documents\Visual Studio 2012\Media extensions sample\C#,C++\MediaExtensions\Mpeg1Source\Release\MPEG1Stream.cpp.nativecodeanalysis.xml
C:\Users\PrabaKarthi\Documents\Visual Studio 2012\Media extensions sample\C#,C++\MediaExtensions\Mpeg1Source\Release\Parse.cpp.nativecodeanalysis.xml
C:\Users\PrabaKarthi\Documents\Visual Studio 2012\Media extensions sample\C#,C++\MediaExtensions\Mpeg1Source\Release\vc.nativecodeanalysis.all.xml
C:\Users\PrabaKarthi\Documents\Visual Studio 2012\Media extensions sample\C#,C++\MediaExtensions\Mpeg1Source\Release\MPEG1Source\MPEG1Source.dll
