C:\USERS\PRABAKARTHI\DOCUMENTS\VISUAL STUDIO 2012\MEDIA EXTENSIONS SAMPLE\C#,C++\MEDIAEXTENSIONS\GRAYSCALE\RELEASE\DLLMAIN.OBJ
C:\USERS\PRABAKARTHI\DOCUMENTS\VISUAL STUDIO 2012\MEDIA EXTENSIONS SAMPLE\C#,C++\MEDIAEXTENSIONS\GRAYSCALE\RELEASE\GRAYSCALE.OBJ
C:\USERS\PRABAKARTHI\DOCUMENTS\VISUAL STUDIO 2012\MEDIA EXTENSIONS SAMPLE\C#,C++\MEDIAEXTENSIONS\GRAYSCALE\RELEASE\VC110.PDB
C:\Users\PrabaKarthi\Documents\Visual Studio 2012\Media extensions sample\C#,C++\MediaExtensions\Grayscale\Release\Grayscale\GrayscaleTransform.lib
C:\Users\PrabaKarthi\Documents\Visual Studio 2012\Media extensions sample\C#,C++\MediaExtensions\Grayscale\Release\Grayscale\GrayscaleTransform.exp
C:\Users\PrabaKarthi\Documents\Visual Studio 2012\Media extensions sample\C#,C++\MediaExtensions\Grayscale\Release\Grayscale\GrayscaleTransform.winmd
C:\Users\PrabaKarthi\Documents\Visual Studio 2012\Media extensions sample\C#,C++\MediaExtensions\Grayscale\Release\Grayscale.vcxprojResolveAssemblyReference.cache
C:\Users\PrabaKarthi\Documents\Visual Studio 2012\Media extensions sample\C#,C++\MediaExtensions\Grayscale\Release\Grayscale\GrayscaleTransform.dll.lastcodeanalysissucceeded
C:\Users\PrabaKarthi\Documents\Visual Studio 2012\Media extensions sample\C#,C++\MediaExtensions\Grayscale\Release\NativeCodeAnalysis.read.1.tlog
C:\Users\PrabaKarthi\Documents\Visual Studio 2012\Media extensions sample\C#,C++\MediaExtensions\Grayscale\Release\priconfig.xml.intermediate
C:\Users\PrabaKarthi\Documents\Visual Studio 2012\Media extensions sample\C#,C++\MediaExtensions\Grayscale\Release\layout.resfiles.intermediate
C:\Users\PrabaKarthi\Documents\Visual Studio 2012\Media extensions sample\C#,C++\MediaExtensions\Grayscale\Release\resources.resfiles.intermediate
C:\Users\PrabaKarthi\Documents\Visual Studio 2012\Media extensions sample\C#,C++\MediaExtensions\Grayscale\Release\pri.resfiles.intermediate
C:\Users\PrabaKarthi\Documents\Visual Studio 2012\Media extensions sample\C#,C++\MediaExtensions\Grayscale\Release\priconfig.xml
C:\Users\PrabaKarthi\Documents\Visual Studio 2012\Media extensions sample\C#,C++\MediaExtensions\Grayscale\Release\layout.resfiles
C:\Users\PrabaKarthi\Documents\Visual Studio 2012\Media extensions sample\C#,C++\MediaExtensions\Grayscale\Release\resources.resfiles
C:\Users\PrabaKarthi\Documents\Visual Studio 2012\Media extensions sample\C#,C++\MediaExtensions\Grayscale\Release\pri.resfiles
C:\Users\PrabaKarthi\Documents\Visual Studio 2012\Media extensions sample\C#,C++\MediaExtensions\Grayscale\Release\Grayscale\GrayscaleTransform.pri
C:\Users\PrabaKarthi\Documents\Visual Studio 2012\Media extensions sample\C#,C++\MediaExtensions\Grayscale\Release\LanguageQualifiers.txt
C:\USERS\PRABAKARTHI\DOCUMENTS\VISUAL STUDIO 2012\MEDIA EXTENSIONS SAMPLE\C#,C++\MEDIAEXTENSIONS\GRAYSCALE\RELEASE\GRAYSCALE\GRAYSCALETRANSFORM.DLL
C:\USERS\PRABAKARTHI\DOCUMENTS\VISUAL STUDIO 2012\MEDIA EXTENSIONS SAMPLE\C#,C++\MEDIAEXTENSIONS\GRAYSCALE\RELEASE\GRAYSCALE\GRAYSCALETRANSFORM.PDB
C:\USERS\PRABAKARTHI\DOCUMENTS\VISUAL STUDIO 2012\MEDIA EXTENSIONS SAMPLE\C#,C++\MEDIAEXTENSIONS\GRAYSCALE\GRAYSCALETRANSFORM.H
C:\USERS\PRABAKARTHI\DOCUMENTS\VISUAL STUDIO 2012\MEDIA EXTENSIONS SAMPLE\C#,C++\MEDIAEXTENSIONS\GRAYSCALE\GRAYSCALETRANSFORM.WINMD
C:\Users\PrabaKarthi\Documents\Visual Studio 2012\Media extensions sample\C#,C++\MediaExtensions\Grayscale\Release\dllmain.obj
C:\Users\PrabaKarthi\Documents\Visual Studio 2012\Media extensions sample\C#,C++\MediaExtensions\Grayscale\Release\Grayscale.obj
C:\Users\PrabaKarthi\Documents\Visual Studio 2012\Media extensions sample\C#,C++\MediaExtensions\Grayscale\Release\CL.23324.read.1.tlog
C:\Users\PrabaKarthi\Documents\Visual Studio 2012\Media extensions sample\C#,C++\MediaExtensions\Grayscale\Release\CL.23324.write.1.tlog
C:\Users\PrabaKarthi\Documents\Visual Studio 2012\Media extensions sample\C#,C++\MediaExtensions\Grayscale\Release\CL.32428.read.1.tlog
C:\Users\PrabaKarthi\Documents\Visual Studio 2012\Media extensions sample\C#,C++\MediaExtensions\Grayscale\Release\CL.32428.write.1.tlog
C:\Users\PrabaKarthi\Documents\Visual Studio 2012\Media extensions sample\C#,C++\MediaExtensions\Grayscale\Release\CL.41548.read.1.tlog
C:\Users\PrabaKarthi\Documents\Visual Studio 2012\Media extensions sample\C#,C++\MediaExtensions\Grayscale\Release\CL.41548.write.1.tlog
C:\Users\PrabaKarthi\Documents\Visual Studio 2012\Media extensions sample\C#,C++\MediaExtensions\Grayscale\Release\CL.8124.read.1.tlog
C:\Users\PrabaKarthi\Documents\Visual Studio 2012\Media extensions sample\C#,C++\MediaExtensions\Grayscale\Release\CL.8124.write.1.tlog
C:\Users\PrabaKarthi\Documents\Visual Studio 2012\Media extensions sample\C#,C++\MediaExtensions\Grayscale\Release\cl.command.1.tlog
C:\Users\PrabaKarthi\Documents\Visual Studio 2012\Media extensions sample\C#,C++\MediaExtensions\Grayscale\Release\CL.read.1.tlog
C:\Users\PrabaKarthi\Documents\Visual Studio 2012\Media extensions sample\C#,C++\MediaExtensions\Grayscale\Release\CL.read.3.tlog
C:\Users\PrabaKarthi\Documents\Visual Studio 2012\Media extensions sample\C#,C++\MediaExtensions\Grayscale\Release\CL.write.1.tlog
C:\Users\PrabaKarthi\Documents\Visual Studio 2012\Media extensions sample\C#,C++\MediaExtensions\Grayscale\Release\GrayscaleTransform.read.1.tlog
C:\Users\PrabaKarthi\Documents\Visual Studio 2012\Media extensions sample\C#,C++\MediaExtensions\Grayscale\Release\GrayscaleTransform.write.1.tlog
C:\Users\PrabaKarthi\Documents\Visual Studio 2012\Media extensions sample\C#,C++\MediaExtensions\Grayscale\Release\link.command.1.tlog
C:\Users\PrabaKarthi\Documents\Visual Studio 2012\Media extensions sample\C#,C++\MediaExtensions\Grayscale\Release\link.read.1.tlog
C:\Users\PrabaKarthi\Documents\Visual Studio 2012\Media extensions sample\C#,C++\MediaExtensions\Grayscale\Release\link.write.1.tlog
C:\Users\PrabaKarthi\Documents\Visual Studio 2012\Media extensions sample\C#,C++\MediaExtensions\Grayscale\Release\midl-MIDLRT-cl.read.1.tlog
C:\Users\PrabaKarthi\Documents\Visual Studio 2012\Media extensions sample\C#,C++\MediaExtensions\Grayscale\Release\midl-MIDLRT-cl.write.1.tlog
C:\Users\PrabaKarthi\Documents\Visual Studio 2012\Media extensions sample\C#,C++\MediaExtensions\Grayscale\Release\midl-MIDLRT-midl-midlc-cl.read.1.tlog
C:\Users\PrabaKarthi\Documents\Visual Studio 2012\Media extensions sample\C#,C++\MediaExtensions\Grayscale\Release\midl-MIDLRT-midl-midlc-cl.write.1.tlog
C:\Users\PrabaKarthi\Documents\Visual Studio 2012\Media extensions sample\C#,C++\MediaExtensions\Grayscale\Release\midl-MIDLRT-midl-midlc.read.1.tlog
C:\Users\PrabaKarthi\Documents\Visual Studio 2012\Media extensions sample\C#,C++\MediaExtensions\Grayscale\Release\midl-MIDLRT-midl-midlc.write.1.tlog
C:\Users\PrabaKarthi\Documents\Visual Studio 2012\Media extensions sample\C#,C++\MediaExtensions\Grayscale\Release\midl-MIDLRT-midl.read.1.tlog
C:\Users\PrabaKarthi\Documents\Visual Studio 2012\Media extensions sample\C#,C++\MediaExtensions\Grayscale\Release\midl-MIDLRT-midl.write.1.tlog
C:\Users\PrabaKarthi\Documents\Visual Studio 2012\Media extensions sample\C#,C++\MediaExtensions\Grayscale\Release\midl-MIDLRT.read.1.tlog
C:\Users\PrabaKarthi\Documents\Visual Studio 2012\Media extensions sample\C#,C++\MediaExtensions\Grayscale\Release\midl-MIDLRT.write.1.tlog
C:\Users\PrabaKarthi\Documents\Visual Studio 2012\Media extensions sample\C#,C++\MediaExtensions\Grayscale\Release\midl.command.1.tlog
C:\Users\PrabaKarthi\Documents\Visual Studio 2012\Media extensions sample\C#,C++\MediaExtensions\Grayscale\Release\midl.read.1.tlog
C:\Users\PrabaKarthi\Documents\Visual Studio 2012\Media extensions sample\C#,C++\MediaExtensions\Grayscale\Release\midl.write.1.tlog
C:\Users\PrabaKarthi\Documents\Visual Studio 2012\Media extensions sample\C#,C++\MediaExtensions\Grayscale\Release\vc110.pdb
C:\Users\PrabaKarthi\Documents\Visual Studio 2012\Media extensions sample\C#,C++\MediaExtensions\Grayscale\Release\dllmain.cpp.nativecodeanalysis.xml
C:\Users\PrabaKarthi\Documents\Visual Studio 2012\Media extensions sample\C#,C++\MediaExtensions\Grayscale\Release\Grayscale.cpp.nativecodeanalysis.xml
C:\Users\PrabaKarthi\Documents\Visual Studio 2012\Media extensions sample\C#,C++\MediaExtensions\Grayscale\Release\vc.nativecodeanalysis.all.xml
C:\Users\PrabaKarthi\Documents\Visual Studio 2012\Media extensions sample\C#,C++\MediaExtensions\Grayscale\Release\Grayscale\GrayscaleTransform.dll
