C:\USERS\PRABAKARTHI\DOCUMENTS\VISUAL STUDIO 2012\MEDIA EXTENSIONS SAMPLE\C#,C++\MEDIAEXTENSIONS\INVERT\RELEASE\INVERT.OBJ
C:\USERS\PRABAKARTHI\DOCUMENTS\VISUAL STUDIO 2012\MEDIA EXTENSIONS SAMPLE\C#,C++\MEDIAEXTENSIONS\INVERT\RELEASE\DLLMAIN.OBJ
C:\USERS\PRABAKARTHI\DOCUMENTS\VISUAL STUDIO 2012\MEDIA EXTENSIONS SAMPLE\C#,C++\MEDIAEXTENSIONS\INVERT\RELEASE\INVERTMODULE.OBJ
C:\USERS\PRABAKARTHI\DOCUMENTS\VISUAL STUDIO 2012\MEDIA EXTENSIONS SAMPLE\C#,C++\MEDIAEXTENSIONS\INVERT\RELEASE\VC110.PDB
C:\USERS\PRABAKARTHI\DOCUMENTS\VISUAL STUDIO 2012\MEDIA EXTENSIONS SAMPLE\C#,C++\MEDIAEXTENSIONS\INVERT\PIXELSHADER.HPS
C:\USERS\PRABAKARTHI\DOCUMENTS\VISUAL STUDIO 2012\MEDIA EXTENSIONS SAMPLE\C#,C++\MEDIAEXTENSIONS\INVERT\VERTEXSHADER.HVS
C:\Users\PrabaKarthi\Documents\Visual Studio 2012\Media extensions sample\C#,C++\MediaExtensions\Invert\PixelShader.hps
C:\Users\PrabaKarthi\Documents\Visual Studio 2012\Media extensions sample\C#,C++\MediaExtensions\Invert\VertexShader.hvs
C:\Users\PrabaKarthi\Documents\Visual Studio 2012\Media extensions sample\C#,C++\MediaExtensions\Invert\Release\Invert\InvertTransform.lib
C:\Users\PrabaKarthi\Documents\Visual Studio 2012\Media extensions sample\C#,C++\MediaExtensions\Invert\Release\Invert\InvertTransform.exp
C:\Users\PrabaKarthi\Documents\Visual Studio 2012\Media extensions sample\C#,C++\MediaExtensions\Invert\Release\Invert\InvertTransform.winmd
C:\Users\PrabaKarthi\Documents\Visual Studio 2012\Media extensions sample\C#,C++\MediaExtensions\Invert\Release\Invert.vcxprojResolveAssemblyReference.cache
C:\Users\PrabaKarthi\Documents\Visual Studio 2012\Media extensions sample\C#,C++\MediaExtensions\Invert\Release\Invert\InvertTransform.dll.lastcodeanalysissucceeded
C:\Users\PrabaKarthi\Documents\Visual Studio 2012\Media extensions sample\C#,C++\MediaExtensions\Invert\Release\NativeCodeAnalysis.read.1.tlog
C:\Users\PrabaKarthi\Documents\Visual Studio 2012\Media extensions sample\C#,C++\MediaExtensions\Invert\Release\priconfig.xml.intermediate
C:\Users\PrabaKarthi\Documents\Visual Studio 2012\Media extensions sample\C#,C++\MediaExtensions\Invert\Release\layout.resfiles.intermediate
C:\Users\PrabaKarthi\Documents\Visual Studio 2012\Media extensions sample\C#,C++\MediaExtensions\Invert\Release\resources.resfiles.intermediate
C:\Users\PrabaKarthi\Documents\Visual Studio 2012\Media extensions sample\C#,C++\MediaExtensions\Invert\Release\pri.resfiles.intermediate
C:\Users\PrabaKarthi\Documents\Visual Studio 2012\Media extensions sample\C#,C++\MediaExtensions\Invert\Release\priconfig.xml
C:\Users\PrabaKarthi\Documents\Visual Studio 2012\Media extensions sample\C#,C++\MediaExtensions\Invert\Release\layout.resfiles
C:\Users\PrabaKarthi\Documents\Visual Studio 2012\Media extensions sample\C#,C++\MediaExtensions\Invert\Release\resources.resfiles
C:\Users\PrabaKarthi\Documents\Visual Studio 2012\Media extensions sample\C#,C++\MediaExtensions\Invert\Release\pri.resfiles
C:\Users\PrabaKarthi\Documents\Visual Studio 2012\Media extensions sample\C#,C++\MediaExtensions\Invert\Release\Invert\InvertTransform.pri
C:\Users\PrabaKarthi\Documents\Visual Studio 2012\Media extensions sample\C#,C++\MediaExtensions\Invert\Release\LanguageQualifiers.txt
C:\USERS\PRABAKARTHI\DOCUMENTS\VISUAL STUDIO 2012\MEDIA EXTENSIONS SAMPLE\C#,C++\MEDIAEXTENSIONS\INVERT\RELEASE\INVERT\INVERTTRANSFORM.DLL
C:\USERS\PRABAKARTHI\DOCUMENTS\VISUAL STUDIO 2012\MEDIA EXTENSIONS SAMPLE\C#,C++\MEDIAEXTENSIONS\INVERT\RELEASE\INVERT\INVERTTRANSFORM.PDB
C:\USERS\PRABAKARTHI\DOCUMENTS\VISUAL STUDIO 2012\MEDIA EXTENSIONS SAMPLE\C#,C++\MEDIAEXTENSIONS\INVERT\INVERTTRANSFORM.H
C:\USERS\PRABAKARTHI\DOCUMENTS\VISUAL STUDIO 2012\MEDIA EXTENSIONS SAMPLE\C#,C++\MEDIAEXTENSIONS\INVERT\INVERTTRANSFORM.WINMD
C:\Users\PrabaKarthi\Documents\Visual Studio 2012\Media extensions sample\C#,C++\MediaExtensions\Invert\Release\dllmain.obj
C:\Users\PrabaKarthi\Documents\Visual Studio 2012\Media extensions sample\C#,C++\MediaExtensions\Invert\Release\Invert.obj
C:\Users\PrabaKarthi\Documents\Visual Studio 2012\Media extensions sample\C#,C++\MediaExtensions\Invert\Release\InvertModule.obj
C:\Users\PrabaKarthi\Documents\Visual Studio 2012\Media extensions sample\C#,C++\MediaExtensions\Invert\Release\CL.30308.read.1.tlog
C:\Users\PrabaKarthi\Documents\Visual Studio 2012\Media extensions sample\C#,C++\MediaExtensions\Invert\Release\CL.30308.write.1.tlog
C:\Users\PrabaKarthi\Documents\Visual Studio 2012\Media extensions sample\C#,C++\MediaExtensions\Invert\Release\CL.32388.read.1.tlog
C:\Users\PrabaKarthi\Documents\Visual Studio 2012\Media extensions sample\C#,C++\MediaExtensions\Invert\Release\CL.32388.write.1.tlog
C:\Users\PrabaKarthi\Documents\Visual Studio 2012\Media extensions sample\C#,C++\MediaExtensions\Invert\Release\CL.36660.read.1.tlog
C:\Users\PrabaKarthi\Documents\Visual Studio 2012\Media extensions sample\C#,C++\MediaExtensions\Invert\Release\CL.36660.write.1.tlog
C:\Users\PrabaKarthi\Documents\Visual Studio 2012\Media extensions sample\C#,C++\MediaExtensions\Invert\Release\CL.37604.read.1.tlog
C:\Users\PrabaKarthi\Documents\Visual Studio 2012\Media extensions sample\C#,C++\MediaExtensions\Invert\Release\CL.37604.write.1.tlog
C:\Users\PrabaKarthi\Documents\Visual Studio 2012\Media extensions sample\C#,C++\MediaExtensions\Invert\Release\CL.40692.read.1.tlog
C:\Users\PrabaKarthi\Documents\Visual Studio 2012\Media extensions sample\C#,C++\MediaExtensions\Invert\Release\CL.40692.write.1.tlog
C:\Users\PrabaKarthi\Documents\Visual Studio 2012\Media extensions sample\C#,C++\MediaExtensions\Invert\Release\cl.command.1.tlog
C:\Users\PrabaKarthi\Documents\Visual Studio 2012\Media extensions sample\C#,C++\MediaExtensions\Invert\Release\CL.read.1.tlog
C:\Users\PrabaKarthi\Documents\Visual Studio 2012\Media extensions sample\C#,C++\MediaExtensions\Invert\Release\CL.read.3.tlog
C:\Users\PrabaKarthi\Documents\Visual Studio 2012\Media extensions sample\C#,C++\MediaExtensions\Invert\Release\CL.write.1.tlog
C:\Users\PrabaKarthi\Documents\Visual Studio 2012\Media extensions sample\C#,C++\MediaExtensions\Invert\Release\FXC.command.1.tlog
C:\Users\PrabaKarthi\Documents\Visual Studio 2012\Media extensions sample\C#,C++\MediaExtensions\Invert\Release\fxc.read.1.tlog
C:\Users\PrabaKarthi\Documents\Visual Studio 2012\Media extensions sample\C#,C++\MediaExtensions\Invert\Release\fxc.write.1.tlog
C:\Users\PrabaKarthi\Documents\Visual Studio 2012\Media extensions sample\C#,C++\MediaExtensions\Invert\Release\InvertTransform.read.1.tlog
C:\Users\PrabaKarthi\Documents\Visual Studio 2012\Media extensions sample\C#,C++\MediaExtensions\Invert\Release\InvertTransform.write.1.tlog
C:\Users\PrabaKarthi\Documents\Visual Studio 2012\Media extensions sample\C#,C++\MediaExtensions\Invert\Release\link.command.1.tlog
C:\Users\PrabaKarthi\Documents\Visual Studio 2012\Media extensions sample\C#,C++\MediaExtensions\Invert\Release\link.read.1.tlog
C:\Users\PrabaKarthi\Documents\Visual Studio 2012\Media extensions sample\C#,C++\MediaExtensions\Invert\Release\link.write.1.tlog
C:\Users\PrabaKarthi\Documents\Visual Studio 2012\Media extensions sample\C#,C++\MediaExtensions\Invert\Release\midl-MIDLRT-cl.read.1.tlog
C:\Users\PrabaKarthi\Documents\Visual Studio 2012\Media extensions sample\C#,C++\MediaExtensions\Invert\Release\midl-MIDLRT-cl.write.1.tlog
C:\Users\PrabaKarthi\Documents\Visual Studio 2012\Media extensions sample\C#,C++\MediaExtensions\Invert\Release\midl-MIDLRT-midl-midlc-cl.read.1.tlog
C:\Users\PrabaKarthi\Documents\Visual Studio 2012\Media extensions sample\C#,C++\MediaExtensions\Invert\Release\midl-MIDLRT-midl-midlc-cl.write.1.tlog
C:\Users\PrabaKarthi\Documents\Visual Studio 2012\Media extensions sample\C#,C++\MediaExtensions\Invert\Release\midl-MIDLRT-midl-midlc.read.1.tlog
C:\Users\PrabaKarthi\Documents\Visual Studio 2012\Media extensions sample\C#,C++\MediaExtensions\Invert\Release\midl-MIDLRT-midl-midlc.write.1.tlog
C:\Users\PrabaKarthi\Documents\Visual Studio 2012\Media extensions sample\C#,C++\MediaExtensions\Invert\Release\midl-MIDLRT-midl.read.1.tlog
C:\Users\PrabaKarthi\Documents\Visual Studio 2012\Media extensions sample\C#,C++\MediaExtensions\Invert\Release\midl-MIDLRT-midl.write.1.tlog
C:\Users\PrabaKarthi\Documents\Visual Studio 2012\Media extensions sample\C#,C++\MediaExtensions\Invert\Release\midl-MIDLRT.read.1.tlog
C:\Users\PrabaKarthi\Documents\Visual Studio 2012\Media extensions sample\C#,C++\MediaExtensions\Invert\Release\midl-MIDLRT.write.1.tlog
C:\Users\PrabaKarthi\Documents\Visual Studio 2012\Media extensions sample\C#,C++\MediaExtensions\Invert\Release\midl.command.1.tlog
C:\Users\PrabaKarthi\Documents\Visual Studio 2012\Media extensions sample\C#,C++\MediaExtensions\Invert\Release\midl.read.1.tlog
C:\Users\PrabaKarthi\Documents\Visual Studio 2012\Media extensions sample\C#,C++\MediaExtensions\Invert\Release\midl.write.1.tlog
C:\Users\PrabaKarthi\Documents\Visual Studio 2012\Media extensions sample\C#,C++\MediaExtensions\Invert\Release\vc110.pdb
C:\Users\PrabaKarthi\Documents\Visual Studio 2012\Media extensions sample\C#,C++\MediaExtensions\Invert\Release\dllmain.cpp.nativecodeanalysis.xml
C:\Users\PrabaKarthi\Documents\Visual Studio 2012\Media extensions sample\C#,C++\MediaExtensions\Invert\Release\Invert.cpp.nativecodeanalysis.xml
C:\Users\PrabaKarthi\Documents\Visual Studio 2012\Media extensions sample\C#,C++\MediaExtensions\Invert\Release\InvertModule.cpp.nativecodeanalysis.xml
C:\Users\PrabaKarthi\Documents\Visual Studio 2012\Media extensions sample\C#,C++\MediaExtensions\Invert\Release\vc.nativecodeanalysis.all.xml
C:\Users\PrabaKarthi\Documents\Visual Studio 2012\Media extensions sample\C#,C++\MediaExtensions\Invert\Release\Invert\InvertTransform.dll
